#
# A fatal error has been detected by the Java Runtime Environment:
#
#  EXCEPTION_ACCESS_VIOLATION (0xc0000005) at pc=0x000000005241da97, pid=4456, tid=11164
#
# JRE version: Java(TM) SE Runtime Environment (8.0_31-b13) (build 1.8.0_31-b13)
# Java VM: Java HotSpot(TM) 64-Bit Server VM (25.31-b07 mixed mode windows-amd64 compressed oops)
# Problematic frame:
# V  [jvm.dll+0x5da97]
#
# Failed to write core dump. Minidumps are not enabled by default on client versions of Windows
#
# If you would like to submit a bug report, please visit:
#   http://bugreport.java.com/bugreport/crash.jsp
#

---------------  T H R E A D  ---------------

Current thread (0x000000001edb9000):  JavaThread "JDWP Transport Listener: dt_socket" daemon [_thread_in_vm, id=11164, stack(0x000000001f320000,0x000000001f420000)]

siginfo: ExceptionCode=0xc0000005, reading address 0x0000000000000010

Registers:
RAX=0x0000000000000010, RBX=0x000000001ed648a0, RCX=0x0000000000000000, RDX=0x000000000000005e
RSP=0x000000001f41f448, RBP=0x000000000000005e, RSI=0x0000000000000000, RDI=0x000000001edb9000
R8 =0x0000000000000002, R9 =0x00000006e9cb6698, R10=0x0000000000000000, R11=0x0000000000000246
R12=0x000000001edb6750, R13=0x000000000000005f, R14=0x0000000000000000, R15=0x00000006e9cb6698
RIP=0x000000005241da97, EFLAGS=0x0000000000010246

Top of Stack: (sp=0x000000001f41f448)
0x000000001f41f448:   0000000052559cd5 000000001ed648a0
0x000000001f41f458:   000000000000005f 0000000000000004
0x000000001f41f468:   00000000273f69c0 00000000000000dc
0x000000001f41f478:   00000000000003d8 000000001edb6460
0x000000001f41f488:   0000000000000000 000000001edb6838
0x000000001f41f498:   000000001edb9000 000000001edb6460
0x000000001f41f4a8:   000000001edbde10 000000001edb6450
0x000000001f41f4b8:   0000000003060650 000000001edb9000
0x000000001f41f4c8:   000000001edbcf90 000000001ed64890
0x000000001f41f4d8:   000000001ed648a0 000000001ed64978
0x000000001f41f4e8:   00000000000000d8 000000001f41f910
0x000000001f41f4f8:   00000000524edaed 000000001edb6838
0x000000001f41f508:   0000000000000000 0000000000000000
0x000000001f41f518:   000000001edb6838 000000001fb795f0
0x000000001f41f528:   000000001f41f630 0000000002f5dbb0
0x000000001f41f538:   000000001f41f5e0 000000001edb9000 

Instructions: (pc=0x000000005241da97)
0x000000005241da77:   05 e4 b2 70 00 83 f8 ff 74 03 89 14 08 f3 c3 cc
0x000000005241da87:   cc cc cc cc cc cc cc cc cc 48 63 05 89 e5 75 00
0x000000005241da97:   48 8b 04 08 c3 cc cc cc cc 48 63 05 79 e5 75 00
0x000000005241daa7:   48 89 14 08 c3 cc cc cc cc 48 63 05 65 e5 75 00 


Register to memory mapping:

RAX=0x0000000000000010 is an unknown value
RBX=0x000000001ed648a0 is an unknown value
RCX=0x0000000000000000 is an unknown value
RDX=0x000000000000005e is an unknown value
RSP=0x000000001f41f448 is pointing into the stack for thread: 0x000000001edb9000
RBP=0x000000000000005e is an unknown value
RSI=0x0000000000000000 is an unknown value
RDI=0x000000001edb9000 is a thread
R8 =0x0000000000000002 is an unknown value
R9 =0x00000006e9cb6698 is an oop
[Ljava.lang.Thread; 
 - klass: 'java/lang/Thread'[]
 - length: 128
R10=0x0000000000000000 is an unknown value
R11=0x0000000000000246 is an unknown value
R12=0x000000001edb6750 is an unknown value
R13=0x000000000000005f is an unknown value
R14=0x0000000000000000 is an unknown value
R15=0x00000006e9cb6698 is an oop
[Ljava.lang.Thread; 
 - klass: 'java/lang/Thread'[]
 - length: 128


Stack: [0x000000001f320000,0x000000001f420000],  sp=0x000000001f41f448,  free space=1021k
Native frames: (J=compiled Java code, j=interpreted, Vv=VM code, C=native code)
V  [jvm.dll+0x5da97]


---------------  P R O C E S S  ---------------

Java Threads: ( => current thread )
  0x000000003b2f1800 JavaThread "Thread-616" [_thread_blocked, id=9544, stack(0x0000000036620000,0x0000000036720000)]
  0x000000003b2f1000 JavaThread "quartzScheduler_QuartzSchedulerThread" [_thread_blocked, id=5148, stack(0x000000003f3f0000,0x000000003f4f0000)]
  0x000000003b2f0000 JavaThread "quartzScheduler_Worker-10" [_thread_blocked, id=8716, stack(0x000000003f2f0000,0x000000003f3f0000)]
  0x000000003aed4000 JavaThread "quartzScheduler_Worker-9" [_thread_blocked, id=6980, stack(0x000000003f1f0000,0x000000003f2f0000)]
  0x000000003aed4800 JavaThread "quartzScheduler_Worker-8" [_thread_blocked, id=11748, stack(0x000000003eff0000,0x000000003f0f0000)]
  0x000000003aed3000 JavaThread "quartzScheduler_Worker-7" [_thread_blocked, id=5728, stack(0x000000003eef0000,0x000000003eff0000)]
  0x000000003aed6000 JavaThread "quartzScheduler_Worker-6" [_thread_blocked, id=8452, stack(0x000000003eaf0000,0x000000003ebf0000)]
  0x000000003aed5800 JavaThread "quartzScheduler_Worker-5" [_thread_blocked, id=10660, stack(0x000000003e7f0000,0x000000003e8f0000)]
  0x000000003ae84000 JavaThread "quartzScheduler_Worker-4" [_thread_blocked, id=11312, stack(0x000000003e6f0000,0x000000003e7f0000)]
  0x000000003ae84800 JavaThread "quartzScheduler_Worker-3" [_thread_blocked, id=6304, stack(0x000000003e4f0000,0x000000003e5f0000)]
  0x000000003ae85800 JavaThread "quartzScheduler_Worker-2" [_thread_blocked, id=2228, stack(0x000000003e3f0000,0x000000003e4f0000)]
  0x000000003ae89000 JavaThread "quartzScheduler_Worker-1" [_thread_blocked, id=7780, stack(0x000000003e2f0000,0x000000003e3f0000)]
  0x000000003ae88800 JavaThread "Druid-ConnectionPool-Destroy-595863492" daemon [_thread_blocked, id=10060, stack(0x000000003ddf0000,0x000000003def0000)]
  0x000000003442d800 JavaThread "Druid-ConnectionPool-Create-595863492" daemon [_thread_blocked, id=772, stack(0x000000003dcf0000,0x000000003ddf0000)]
  0x000000003ae87800 JavaThread "DefaultQuartzScheduler_QuartzSchedulerThread" [_thread_blocked, id=10616, stack(0x000000003dbf0000,0x000000003dcf0000)]
  0x000000003ae83000 JavaThread "DefaultQuartzScheduler_Worker-10" [_thread_blocked, id=10368, stack(0x000000003daf0000,0x000000003dbf0000)]
  0x000000003ae8a000 JavaThread "DefaultQuartzScheduler_Worker-9" [_thread_blocked, id=11056, stack(0x000000003d0f0000,0x000000003d1f0000)]
  0x000000003ae86000 JavaThread "DefaultQuartzScheduler_Worker-8" [_thread_blocked, id=2960, stack(0x000000003cef0000,0x000000003cff0000)]
  0x000000003ae87000 JavaThread "DefaultQuartzScheduler_Worker-7" [_thread_blocked, id=11216, stack(0x000000003ccf0000,0x000000003cdf0000)]
  0x000000002de09800 JavaThread "DefaultQuartzScheduler_Worker-6" [_thread_blocked, id=6196, stack(0x000000003c2f0000,0x000000003c3f0000)]
  0x000000002de0a800 JavaThread "DefaultQuartzScheduler_Worker-5" [_thread_blocked, id=11420, stack(0x000000003b7f0000,0x000000003b8f0000)]
  0x000000002de09000 JavaThread "DefaultQuartzScheduler_Worker-4" [_thread_blocked, id=10396, stack(0x000000003a720000,0x000000003a820000)]
  0x000000002e160000 JavaThread "DefaultQuartzScheduler_Worker-3" [_thread_blocked, id=9568, stack(0x000000003a320000,0x000000003a420000)]
  0x000000002e15e800 JavaThread "DefaultQuartzScheduler_Worker-2" [_thread_blocked, id=11176, stack(0x0000000039320000,0x0000000039420000)]
  0x000000002e15f000 JavaThread "DefaultQuartzScheduler_Worker-1" [_thread_blocked, id=11460, stack(0x0000000038b20000,0x0000000038c20000)]
  0x000000002e15d800 JavaThread "java-sdk-http-connection-reaper" daemon [_thread_blocked, id=2836, stack(0x0000000038420000,0x0000000038520000)]
  0x0000000033b4c000 JavaThread "container-1" [_thread_blocked, id=4000, stack(0x0000000037f20000,0x0000000038020000)]
  0x00000000347d9800 JavaThread "Catalina-utility-2" [_thread_blocked, id=1036, stack(0x0000000037720000,0x0000000037820000)]
  0x00000000347d9000 JavaThread "Catalina-utility-1" [_thread_blocked, id=10512, stack(0x0000000037120000,0x0000000037220000)]
  0x0000000033b4a800 JavaThread "logback-307" daemon [_thread_blocked, id=1756, stack(0x0000000000f50000,0x0000000001050000)]
  0x00000000347d7800 JavaThread "SessionValidationThread-1" daemon [_thread_blocked, id=4552, stack(0x000000003fbf0000,0x000000003fcf0000)]
  0x000000002d8d0800 JavaThread "SessionValidationThread-1" daemon [_thread_blocked, id=10612, stack(0x0000000035c20000,0x0000000035d20000)]
  0x0000000033b47000 JavaThread "SessionValidationThread-1" daemon [_thread_blocked, id=8328, stack(0x000000003f5f0000,0x000000003f6f0000)]
  0x000000002e106000 JavaThread "SessionValidationThread-1" daemon [_thread_blocked, id=7784, stack(0x0000000036320000,0x0000000036420000)]
  0x0000000033c74000 JavaThread "SessionValidationThread-1" daemon [_thread_blocked, id=11440, stack(0x000000003f0f0000,0x000000003f1f0000)]
  0x000000002d7fe000 JavaThread "SessionValidationThread-1" daemon [_thread_blocked, id=1548, stack(0x0000000035620000,0x0000000035720000)]
  0x000000002e160800 JavaThread "SessionValidationThread-1" daemon [_thread_blocked, id=4492, stack(0x0000000035120000,0x0000000035220000)]
  0x000000003ad6d800 JavaThread "SessionValidationThread-1" daemon [_thread_blocked, id=8824, stack(0x000000003e5f0000,0x000000003e6f0000)]
  0x000000002e163000 JavaThread "SessionValidationThread-1" daemon [_thread_blocked, id=10392, stack(0x000000003e1f0000,0x000000003e2f0000)]
  0x0000000033b4b800 JavaThread "SessionValidationThread-1" daemon [_thread_blocked, id=8160, stack(0x000000003def0000,0x000000003dff0000)]
  0x00000000272c1000 JavaThread "SessionValidationThread-1" daemon [_thread_blocked, id=4120, stack(0x0000000033150000,0x0000000033250000)]
  0x000000002e109000 JavaThread "SessionValidationThread-1" daemon [_thread_blocked, id=5228, stack(0x000000003d7f0000,0x000000003d8f0000)]
  0x000000003442a000 JavaThread "SessionValidationThread-1" daemon [_thread_blocked, id=11416, stack(0x000000003cdf0000,0x000000003cef0000)]
  0x00000000340bb000 JavaThread "SessionValidationThread-1" daemon [_thread_blocked, id=11204, stack(0x000000003cff0000,0x000000003d0f0000)]
  0x000000002e15c000 JavaThread "SessionValidationThread-1" daemon [_thread_blocked, id=10656, stack(0x0000000033850000,0x0000000033950000)]
  0x0000000033c73000 JavaThread "SessionValidationThread-1" daemon [_thread_blocked, id=1796, stack(0x000000003c3f0000,0x000000003c4f0000)]
  0x0000000026e2b000 JavaThread "SessionValidationThread-1" daemon [_thread_blocked, id=4696, stack(0x000000003a420000,0x000000003a520000)]
  0x0000000026e29800 JavaThread "SessionValidationThread-1" daemon [_thread_blocked, id=7284, stack(0x000000003a220000,0x000000003a320000)]
  0x000000002d90b800 JavaThread "SessionValidationThread-1" daemon [_thread_blocked, id=10636, stack(0x0000000039520000,0x0000000039620000)]
  0x000000002e161800 JavaThread "SessionValidationThread-1" daemon [_thread_blocked, id=6252, stack(0x0000000039420000,0x0000000039520000)]
  0x00000000340ba000 JavaThread "SessionValidationThread-1" daemon [_thread_blocked, id=10128, stack(0x0000000038520000,0x0000000038620000)]
  0x000000002dc10000 JavaThread "SessionValidationThread-1" daemon [_thread_blocked, id=11464, stack(0x0000000038c20000,0x0000000038d20000)]
  0x000000002d8cd800 JavaThread "SessionValidationThread-1" daemon [_thread_blocked, id=3780, stack(0x000000002f650000,0x000000002f750000)]
  0x000000002dc10800 JavaThread "SessionValidationThread-1" daemon [_thread_blocked, id=1604, stack(0x0000000038620000,0x0000000038720000)]
  0x0000000033c75800 JavaThread "SessionValidationThread-1" daemon [_thread_blocked, id=1368, stack(0x0000000033250000,0x0000000033350000)]
  0x0000000026e30800 JavaThread "SessionValidationThread-1" daemon [_thread_blocked, id=10020, stack(0x0000000037e20000,0x0000000037f20000)]
  0x0000000033c71000 JavaThread "SessionValidationThread-1" daemon [_thread_blocked, id=1356, stack(0x0000000032850000,0x0000000032950000)]
  0x0000000033b4a000 JavaThread "SessionValidationThread-1" daemon [_thread_blocked, id=10300, stack(0x000000002f450000,0x000000002f550000)]
  0x0000000033c72800 JavaThread "SessionValidationThread-1" daemon [_thread_blocked, id=10868, stack(0x0000000037220000,0x0000000037320000)]
  0x000000002e107000 JavaThread "SessionValidationThread-1" daemon [_thread_blocked, id=9440, stack(0x0000000030e50000,0x0000000030f50000)]
  0x0000000033c70000 JavaThread "SessionValidationThread-1" daemon [_thread_blocked, id=4560, stack(0x000000002ec50000,0x000000002ed50000)]
  0x0000000033b48800 JavaThread "SessionValidationThread-1" daemon [_thread_blocked, id=12284, stack(0x000000002ef50000,0x000000002f050000)]
  0x000000002e162800 JavaThread "SessionValidationThread-1" daemon [_thread_blocked, id=5920, stack(0x000000002e950000,0x000000002ea50000)]
  0x0000000033b45800 JavaThread "SessionValidationThread-1" daemon [_thread_blocked, id=1280, stack(0x0000000025c90000,0x0000000025d90000)]
  0x00000000272c8000 JavaThread "SessionValidationThread-1" daemon [_thread_blocked, id=11244, stack(0x0000000035d20000,0x0000000035e20000)]
  0x00000000209af000 JavaThread "SessionValidationThread-1" daemon [_thread_blocked, id=9464, stack(0x000000002e350000,0x000000002e450000)]
  0x000000002e15d000 JavaThread "SessionValidationThread-1" daemon [_thread_blocked, id=11536, stack(0x0000000035720000,0x0000000035820000)]
  0x000000002d7e4800 JavaThread "SessionValidationThread-1" daemon [_thread_blocked, id=11212, stack(0x000000002b880000,0x000000002b980000)]
  0x000000002d7e7000 JavaThread "SessionValidationThread-1" daemon [_thread_blocked, id=7880, stack(0x000000002bb80000,0x000000002bc80000)]
  0x000000002d7e5800 JavaThread "SessionValidationThread-1" daemon [_thread_blocked, id=11412, stack(0x0000000029760000,0x0000000029860000)]
  0x000000002de08000 JavaThread "SessionValidationThread-1" daemon [_thread_blocked, id=1420, stack(0x000000002ab80000,0x000000002ac80000)]
  0x000000002de0b000 JavaThread "SessionValidationThread-1" daemon [_thread_blocked, id=9880, stack(0x0000000028a60000,0x0000000028b60000)]
  0x000000002dc12000 JavaThread "SessionValidationThread-1" daemon [_thread_blocked, id=8732, stack(0x0000000033350000,0x0000000033450000)]
  0x000000002d802000 JavaThread "SessionValidationThread-1" daemon [_thread_blocked, id=11340, stack(0x000000002a490000,0x000000002a590000)]
  0x000000002d908800 JavaThread "SessionValidationThread-1" daemon [_thread_blocked, id=10360, stack(0x0000000032550000,0x0000000032650000)]
  0x000000002dc11800 JavaThread "SessionValidationThread-1" daemon [_thread_blocked, id=8532, stack(0x0000000032050000,0x0000000032150000)]
  0x00000000209ad800 JavaThread "SessionValidationThread-1" daemon [_thread_blocked, id=11968, stack(0x0000000031750000,0x0000000031850000)]
  0x000000002d909800 JavaThread "SessionValidationThread-1" daemon [_thread_blocked, id=11600, stack(0x0000000031450000,0x0000000031550000)]
  0x000000002d7fc000 JavaThread "SessionValidationThread-1" daemon [_thread_blocked, id=7016, stack(0x0000000030f50000,0x0000000031050000)]
  0x000000002d90b000 JavaThread "SessionValidationThread-1" daemon [_thread_blocked, id=11772, stack(0x0000000028f60000,0x0000000029060000)]
  0x000000002d8cc000 JavaThread "SessionValidationThread-1" daemon [_thread_blocked, id=11324, stack(0x0000000028760000,0x0000000028860000)]
  0x000000002d8d4000 JavaThread "SessionValidationThread-1" daemon [_thread_blocked, id=6208, stack(0x000000002f750000,0x000000002f850000)]
  0x0000000023b83800 JavaThread "SessionValidationThread-1" daemon [_thread_blocked, id=8620, stack(0x000000002f550000,0x000000002f650000)]
  0x0000000026e32800 JavaThread "SessionValidationThread-1" daemon [_thread_blocked, id=10728, stack(0x000000002e650000,0x000000002e750000)]
  0x0000000023b86800 JavaThread "SessionValidationThread-1" daemon [_thread_blocked, id=6752, stack(0x00000000223c0000,0x00000000224c0000)]
  0x0000000023b84800 JavaThread "SessionValidationThread-1" daemon [_thread_blocked, id=4540, stack(0x000000002cc80000,0x000000002cd80000)]
  0x0000000023b7f000 JavaThread "File Watcher" daemon [_thread_blocked, id=7476, stack(0x0000000028460000,0x0000000028560000)]
  0x0000000026e32000 JavaThread "SessionValidationThread-1" daemon [_thread_blocked, id=7876, stack(0x0000000001150000,0x0000000001250000)]
  0x0000000023b7c000 JavaThread "SessionValidationThread-1" daemon [_thread_blocked, id=2372, stack(0x00000000219c0000,0x0000000021ac0000)]
  0x0000000026e2d800 JavaThread "SessionValidationThread-1" daemon [_thread_blocked, id=5968, stack(0x0000000025b90000,0x0000000025c90000)]
  0x0000000023b80800 JavaThread "SessionValidationThread-1" daemon [_thread_blocked, id=10348, stack(0x0000000024e90000,0x0000000024f90000)]
  0x0000000026e2f000 JavaThread "SessionValidationThread-1" daemon [_thread_blocked, id=9708, stack(0x000000002a680000,0x000000002a780000)]
  0x0000000026e2a800 JavaThread "SessionValidationThread-1" daemon [_thread_blocked, id=7212, stack(0x0000000001050000,0x0000000001150000)]
  0x0000000026e2c800 JavaThread "Java2D Disposer" daemon [_thread_blocked, id=11452, stack(0x0000000021ec0000,0x0000000021fc0000)]
  0x0000000026e2f800 JavaThread "DestroyJavaVM" [_thread_blocked, id=12016, stack(0x0000000002f60000,0x0000000003060000)]
  0x0000000026e2e000 JavaThread "SessionValidationThread-1" daemon [_thread_blocked, id=10172, stack(0x0000000029260000,0x0000000029360000)]
  0x0000000023b7e800 JavaThread "Live Reload Server" daemon [_thread_in_native, id=7840, stack(0x0000000026990000,0x0000000026a90000)]
  0x0000000023b7d000 JavaThread "mysql-cj-abandoned-connection-cleanup" daemon [_thread_blocked, id=11712, stack(0x0000000025e90000,0x0000000025f90000)]
  0x000000001fbc8000 JavaThread "RMI TCP Accept-0" daemon [_thread_in_native, id=11924, stack(0x0000000020540000,0x0000000020640000)]
  0x000000001fb9e000 JavaThread "RMI TCP Accept-64270" daemon [_thread_in_native, id=6440, stack(0x0000000020440000,0x0000000020540000)]
  0x000000001fb85800 JavaThread "RMI TCP Accept-0" daemon [_thread_in_native, id=3300, stack(0x0000000020340000,0x0000000020440000)]
  0x000000001f98f800 JavaThread "Service Thread" daemon [_thread_blocked, id=9368, stack(0x0000000020220000,0x0000000020320000)]
  0x000000001f987000 JavaThread "C1 CompilerThread3" daemon [_thread_blocked, id=2680, stack(0x0000000020120000,0x0000000020220000)]
  0x000000001f986000 JavaThread "C2 CompilerThread2" daemon [_thread_blocked, id=6284, stack(0x0000000020020000,0x0000000020120000)]
  0x000000001f985800 JavaThread "C2 CompilerThread1" daemon [_thread_blocked, id=10092, stack(0x000000001ff20000,0x0000000020020000)]
  0x000000001f97e800 JavaThread "C2 CompilerThread0" daemon [_thread_blocked, id=5112, stack(0x000000001fe20000,0x000000001ff20000)]
  0x000000001edc6800 JavaThread "JDWP Command Reader" daemon [_thread_in_native, id=4512, stack(0x000000001f520000,0x000000001f620000)]
  0x000000001edc2000 JavaThread "JDWP Event Helper Thread" daemon [_thread_blocked, id=1720, stack(0x000000001f420000,0x000000001f520000)]
=>0x000000001edb9000 JavaThread "JDWP Transport Listener: dt_socket" daemon [_thread_in_vm, id=11164, stack(0x000000001f320000,0x000000001f420000)]
  0x000000001cd3a000 JavaThread "Attach Listener" daemon [_thread_blocked, id=11640, stack(0x000000001f220000,0x000000001f320000)]
  0x000000001edb0800 JavaThread "Signal Dispatcher" daemon [_thread_blocked, id=2260, stack(0x000000001f120000,0x000000001f220000)]
  0x000000000315a000 JavaThread "Finalizer" daemon [_thread_blocked, id=4712, stack(0x000000001ec10000,0x000000001ed10000)]
  0x0000000003158800 JavaThread "Reference Handler" daemon [_thread_blocked, id=6516, stack(0x000000001eb10000,0x000000001ec10000)]

Other Threads:
  0x000000001cd28000 VMThread [stack: 0x000000001ea10000,0x000000001eb10000] [id=3424]
  0x000000001fbcb800 WatcherThread [stack: 0x0000000020640000,0x0000000020740000] [id=3764]

VM state:not at safepoint (normal execution)

VM Mutex/Monitor currently owned by a thread:  ([mutex/lock_event])
[0x0000000003060650] Threads_lock - owner thread: 0x000000001edb9000

Heap:
 PSYoungGen      total 197120K, used 43244K [0x000000076b400000, 0x0000000778c80000, 0x00000007c0000000)
  eden space 172544K, 15% used [0x000000076b400000,0x000000076cdac168,0x0000000775c80000)
  from space 24576K, 68% used [0x0000000775c80000,0x0000000776d0eeb0,0x0000000777480000)
  to   space 24064K, 0% used [0x0000000777500000,0x0000000777500000,0x0000000778c80000)
 ParOldGen       total 1397760K, used 1372110K [0x00000006c1c00000, 0x0000000717100000, 0x000000076b400000)
  object space 1397760K, 98% used [0x00000006c1c00000,0x00000007157f3a70,0x0000000717100000)
 Metaspace       used 331521K, capacity 348652K, committed 348840K, reserved 1363968K
  class space    used 31311K, capacity 35115K, committed 35240K, reserved 1048576K

Card table byte_map: [0x0000000012680000,0x0000000012e80000] byte_map_base: 0x000000000f072000

Marking Bits: (ParMarkBitMap*) 0x0000000052b9d4f0
 Begin Bits: [0x0000000013bd0000, 0x0000000017b60000)
 End Bits:   [0x0000000017b60000, 0x000000001baf0000)

Polling page: 0x0000000002f30000

CodeCache: size=245760Kb used=43601Kb max_used=43601Kb free=202158Kb
 bounds [0x00000000032c0000, 0x0000000005d60000, 0x00000000122c0000]
 total_blobs=22122 nmethods=21411 adapters=631
 compilation: enabled

Compilation events (10 events):
Event: 22509.536 Thread 0x000000001f987000 21668       1       java.util.concurrent.atomic.AtomicReference::compareAndSet (13 bytes)
Event: 22509.536 Thread 0x000000001f987000 nmethod 21668 0x0000000005d52610 code [0x0000000005d52760, 0x0000000005d528b0]
Event: 22509.536 Thread 0x000000001f987000 21669       1       com.fasterxml.jackson.databind.ser.std.DateTimeSerializerBase::_serializeAsString (66 bytes)
Event: 22509.539 Thread 0x000000001f987000 nmethod 21669 0x0000000005d52910 code [0x0000000005d52b20, 0x0000000005d531b8]
Event: 22509.539 Thread 0x000000001f987000 21670       1       java.util.concurrent.atomic.AtomicReference::getAndSet (12 bytes)
Event: 22509.540 Thread 0x000000001f987000 nmethod 21670 0x0000000005d538d0 code [0x0000000005d53a20, 0x0000000005d53b50]
Event: 22587.999 Thread 0x000000001f987000 21671       1       ch.qos.logback.core.status.StatusUtil::filterStatusListByTimeThreshold (67 bytes)
Event: 22587.999 Thread 0x000000001f987000 nmethod 21671 0x0000000005d53bd0 code [0x0000000005d53d80, 0x0000000005d541c8]
Event: 22588.001 Thread 0x000000001f987000 21672   !   1       org.springframework.boot.logging.logback.LogbackLoggingSystem::loadConfiguration (203 bytes)
Event: 22588.006 Thread 0x000000001f987000 nmethod 21672 0x0000000005d54610 code [0x0000000005d54a20, 0x0000000005d56248]

GC Heap History (10 events):
Event: 22585.373 GC heap before
{Heap before GC invocations=648 (full 115):
 PSYoungGen      total 187392K, used 16365K [0x000000076b400000, 0x0000000778c00000, 0x00000007c0000000)
  eden space 171008K, 0% used [0x000000076b400000,0x000000076b400000,0x0000000775b00000)
  from space 16384K, 99% used [0x0000000775b00000,0x0000000776afb718,0x0000000776b00000)
  to   space 25088K, 0% used [0x0000000777380000,0x0000000777380000,0x0000000778c00000)
 ParOldGen       total 1397760K, used 1358777K [0x00000006c1c00000, 0x0000000717100000, 0x000000076b400000)
  object space 1397760K, 97% used [0x00000006c1c00000,0x0000000714aee6a8,0x0000000717100000)
 Metaspace       used 329445K, capacity 346522K, committed 346792K, reserved 1361920K
  class space    used 31140K, capacity 34915K, committed 34984K, reserved 1048576K
Event: 22587.374 GC heap after
Heap after GC invocations=648 (full 115):
 PSYoungGen      total 187392K, used 0K [0x000000076b400000, 0x0000000778c00000, 0x00000007c0000000)
  eden space 171008K, 0% used [0x000000076b400000,0x000000076b400000,0x0000000775b00000)
  from space 16384K, 0% used [0x0000000775b00000,0x0000000775b00000,0x0000000776b00000)
  to   space 25088K, 0% used [0x0000000777380000,0x0000000777380000,0x0000000778c00000)
 ParOldGen       total 1397760K, used 1372102K [0x00000006c1c00000, 0x0000000717100000, 0x000000076b400000)
  object space 1397760K, 98% used [0x00000006c1c00000,0x00000007157f1a70,0x0000000717100000)
 Metaspace       used 329305K, capacity 346300K, committed 346792K, reserved 1361920K
  class space    used 31119K, capacity 34878K, committed 34984K, reserved 1048576K
}
Event: 22589.280 GC heap before
{Heap before GC invocations=649 (full 115):
 PSYoungGen      total 187392K, used 171008K [0x000000076b400000, 0x0000000778c00000, 0x00000007c0000000)
  eden space 171008K, 100% used [0x000000076b400000,0x0000000775b00000,0x0000000775b00000)
  from space 16384K, 0% used [0x0000000775b00000,0x0000000775b00000,0x0000000776b00000)
  to   space 25088K, 0% used [0x0000000777380000,0x0000000777380000,0x0000000778c00000)
 ParOldGen       total 1397760K, used 1372102K [0x00000006c1c00000, 0x0000000717100000, 0x000000076b400000)
  object space 1397760K, 98% used [0x00000006c1c00000,0x00000007157f1a70,0x0000000717100000)
 Metaspace       used 329893K, capacity 346932K, committed 347432K, reserved 1361920K
  class space    used 31195K, capacity 34982K, committed 35112K, reserved 1048576K
Event: 22589.290 GC heap after
Heap after GC invocations=649 (full 115):
 PSYoungGen      total 196096K, used 10506K [0x000000076b400000, 0x0000000778c80000, 0x00000007c0000000)
  eden space 171008K, 0% used [0x000000076b400000,0x000000076b400000,0x0000000775b00000)
  from space 25088K, 41% used [0x0000000777380000,0x0000000777dc2ba8,0x0000000778c00000)
  to   space 25088K, 0% used [0x0000000775b00000,0x0000000775b00000,0x0000000777380000)
 ParOldGen       total 1397760K, used 1372110K [0x00000006c1c00000, 0x0000000717100000, 0x000000076b400000)
  object space 1397760K, 98% used [0x00000006c1c00000,0x00000007157f3a70,0x0000000717100000)
 Metaspace       used 329893K, capacity 346932K, committed 347432K, reserved 1361920K
  class space    used 31195K, capacity 34982K, committed 35112K, reserved 1048576K
}
Event: 22589.878 GC heap before
{Heap before GC invocations=650 (full 115):
 PSYoungGen      total 196096K, used 181514K [0x000000076b400000, 0x0000000778c80000, 0x00000007c0000000)
  eden space 171008K, 100% used [0x000000076b400000,0x0000000775b00000,0x0000000775b00000)
  from space 25088K, 41% used [0x0000000777380000,0x0000000777dc2ba8,0x0000000778c00000)
  to   space 25088K, 0% used [0x0000000775b00000,0x0000000775b00000,0x0000000777380000)
 ParOldGen       total 1397760K, used 1372110K [0x00000006c1c00000, 0x0000000717100000, 0x000000076b400000)
  object space 1397760K, 98% used [0x00000006c1c00000,0x00000007157f3a70,0x0000000717100000)
 Metaspace       used 330115K, capacity 347156K, committed 347432K, reserved 1361920K
  class space    used 31225K, capacity 35014K, committed 35112K, reserved 1048576K
Event: 22589.885 GC heap after
Heap after GC invocations=650 (full 115):
 PSYoungGen      total 196096K, used 11105K [0x000000076b400000, 0x0000000778d00000, 0x00000007c0000000)
  eden space 171008K, 0% used [0x000000076b400000,0x000000076b400000,0x0000000775b00000)
  from space 25088K, 44% used [0x0000000775b00000,0x00000007765d85f8,0x0000000777380000)
  to   space 25088K, 0% used [0x0000000777480000,0x0000000777480000,0x0000000778d00000)
 ParOldGen       total 1397760K, used 1372110K [0x00000006c1c00000, 0x0000000717100000, 0x000000076b400000)
  object space 1397760K, 98% used [0x00000006c1c00000,0x00000007157f3a70,0x0000000717100000)
 Metaspace       used 330115K, capacity 347156K, committed 347432K, reserved 1361920K
  class space    used 31225K, capacity 35014K, committed 35112K, reserved 1048576K
}
Event: 22591.499 GC heap before
{Heap before GC invocations=651 (full 115):
 PSYoungGen      total 196096K, used 182113K [0x000000076b400000, 0x0000000778d00000, 0x00000007c0000000)
  eden space 171008K, 100% used [0x000000076b400000,0x0000000775b00000,0x0000000775b00000)
  from space 25088K, 44% used [0x0000000775b00000,0x00000007765d85f8,0x0000000777380000)
  to   space 25088K, 0% used [0x0000000777480000,0x0000000777480000,0x0000000778d00000)
 ParOldGen       total 1397760K, used 1372110K [0x00000006c1c00000, 0x0000000717100000, 0x000000076b400000)
  object space 1397760K, 98% used [0x00000006c1c00000,0x00000007157f3a70,0x0000000717100000)
 Metaspace       used 331509K, capacity 348646K, committed 348840K, reserved 1363968K
  class space    used 31310K, capacity 35113K, committed 35240K, reserved 1048576K
Event: 22591.510 GC heap after
Heap after GC invocations=651 (full 115):
 PSYoungGen      total 197120K, used 16369K [0x000000076b400000, 0x0000000778c80000, 0x00000007c0000000)
  eden space 172544K, 0% used [0x000000076b400000,0x000000076b400000,0x0000000775c80000)
  from space 24576K, 66% used [0x0000000777480000,0x000000077847c7f8,0x0000000778c80000)
  to   space 24576K, 0% used [0x0000000775c80000,0x0000000775c80000,0x0000000777480000)
 ParOldGen       total 1397760K, used 1372110K [0x00000006c1c00000, 0x0000000717100000, 0x000000076b400000)
  object space 1397760K, 98% used [0x00000006c1c00000,0x00000007157f3a70,0x0000000717100000)
 Metaspace       used 331509K, capacity 348646K, committed 348840K, reserved 1363968K
  class space    used 31310K, capacity 35113K, committed 35240K, reserved 1048576K
}
Event: 22603.359 GC heap before
{Heap before GC invocations=652 (full 115):
 PSYoungGen      total 197120K, used 188913K [0x000000076b400000, 0x0000000778c80000, 0x00000007c0000000)
  eden space 172544K, 100% used [0x000000076b400000,0x0000000775c80000,0x0000000775c80000)
  from space 24576K, 66% used [0x0000000777480000,0x000000077847c7f8,0x0000000778c80000)
  to   space 24576K, 0% used [0x0000000775c80000,0x0000000775c80000,0x0000000777480000)
 ParOldGen       total 1397760K, used 1372110K [0x00000006c1c00000, 0x0000000717100000, 0x000000076b400000)
  object space 1397760K, 98% used [0x00000006c1c00000,0x00000007157f3a70,0x0000000717100000)
 Metaspace       used 331518K, capacity 348646K, committed 348840K, reserved 1363968K
  class space    used 31311K, capacity 35113K, committed 35240K, reserved 1048576K
Event: 22603.369 GC heap after
Heap after GC invocations=652 (full 115):
 PSYoungGen      total 197120K, used 16955K [0x000000076b400000, 0x0000000778c80000, 0x00000007c0000000)
  eden space 172544K, 0% used [0x000000076b400000,0x000000076b400000,0x0000000775c80000)
  from space 24576K, 68% used [0x0000000775c80000,0x0000000776d0eeb0,0x0000000777480000)
  to   space 24064K, 0% used [0x0000000777500000,0x0000000777500000,0x0000000778c80000)
 ParOldGen       total 1397760K, used 1372110K [0x00000006c1c00000, 0x0000000717100000, 0x000000076b400000)
  object space 1397760K, 98% used [0x00000006c1c00000,0x00000007157f3a70,0x0000000717100000)
 Metaspace       used 331518K, capacity 348646K, committed 348840K, reserved 1363968K
  class space    used 31311K, capacity 35113K, committed 35240K, reserved 1048576K
}

Deoptimization events (0 events):
No events

Internal exceptions (10 events):
Event: 22607.464 Thread 0x000000003442c000 Exception <a 'java/security/PrivilegedActionException'> (0x000000076cb1a2d8) thrown at [C:\workspace\8-2-build-windows-amd64-cygwin\jdk8u31\2394\hotspot\src\share\vm\prims\jvm.cpp, line 1312]
Event: 22607.464 Thread 0x000000003442c000 Exception <a 'java/security/PrivilegedActionException'> (0x000000076cb24840) thrown at [C:\workspace\8-2-build-windows-amd64-cygwin\jdk8u31\2394\hotspot\src\share\vm\prims\jvm.cpp, line 1312]
Event: 22607.464 Thread 0x000000003442c000 Exception <a 'java/security/PrivilegedActionException'> (0x000000076cb24ff8) thrown at [C:\workspace\8-2-build-windows-amd64-cygwin\jdk8u31\2394\hotspot\src\share\vm\prims\jvm.cpp, line 1312]
Event: 22607.465 Thread 0x000000003442c000 Exception <a 'java/security/PrivilegedActionException'> (0x000000076cb2f500) thrown at [C:\workspace\8-2-build-windows-amd64-cygwin\jdk8u31\2394\hotspot\src\share\vm\prims\jvm.cpp, line 1312]
Event: 22607.720 Thread 0x000000003b2f1800 Exception <a 'java/security/PrivilegedActionException'> (0x000000076cb88b18) thrown at [C:\workspace\8-2-build-windows-amd64-cygwin\jdk8u31\2394\hotspot\src\share\vm\prims\jvm.cpp, line 1312]
Event: 22607.721 Thread 0x000000003b2f1800 Exception <a 'java/security/PrivilegedActionException'> (0x000000076cb8a148) thrown at [C:\workspace\8-2-build-windows-amd64-cygwin\jdk8u31\2394\hotspot\src\share\vm\prims\jvm.cpp, line 1312]
Event: 22607.721 Thread 0x000000003b2f1800 Exception <a 'java/security/PrivilegedActionException'> (0x000000076cb8b980) thrown at [C:\workspace\8-2-build-windows-amd64-cygwin\jdk8u31\2394\hotspot\src\share\vm\prims\jvm.cpp, line 1312]
Event: 22607.721 Thread 0x000000003b2f1800 Exception <a 'java/security/PrivilegedActionException'> (0x000000076cb8d310) thrown at [C:\workspace\8-2-build-windows-amd64-cygwin\jdk8u31\2394\hotspot\src\share\vm\prims\jvm.cpp, line 1312]
Event: 22607.721 Thread 0x000000003b2f1800 Exception <a 'java/security/PrivilegedActionException'> (0x000000076cb8ed00) thrown at [C:\workspace\8-2-build-windows-amd64-cygwin\jdk8u31\2394\hotspot\src\share\vm\prims\jvm.cpp, line 1312]
Event: 22607.726 Thread 0x0000000033b4c000 Exception <a 'java/lang/InterruptedException': sleep interrupted> (0x000000076cd30db8) thrown at [C:\workspace\8-2-build-windows-amd64-cygwin\jdk8u31\2394\hotspot\src\share\vm\prims\jvm.cpp, line 3141]

Events (10 events):
Event: 22607.726 Executing VM operation: RevokeBias done
Event: 22607.726 Executing VM operation: RevokeBias
Event: 22607.726 Executing VM operation: RevokeBias done
Event: 22607.726 Executing VM operation: RevokeBias
Event: 22607.726 Executing VM operation: RevokeBias done
Event: 22607.726 Executing VM operation: RevokeBias
Event: 22607.726 Executing VM operation: RevokeBias done
Event: 22607.726 Thread 0x0000000033b4c000 DEOPT PACKING pc=0x0000000005cbd7a4 sp=0x000000003801f580
Event: 22607.726 Thread 0x0000000033b4c000 DEOPT UNPACKING pc=0x00000000033075bf sp=0x000000003801f420 mode 1
Event: 22607.727 Executing VM operation: RevokeBias


Dynamic libraries:
0x00007ff602f00000 - 0x00007ff602f34000 	D:\java\jdk1.8\jdk1.8\bin\javaw.exe
0x00007ffa8a210000 - 0x00007ffa8a406000 	C:\Windows\SYSTEM32\ntdll.dll
0x00007ffa89d70000 - 0x00007ffa89e2d000 	C:\Windows\System32\KERNEL32.DLL
0x00007ffa87ef0000 - 0x00007ffa881b8000 	C:\Windows\System32\KERNELBASE.dll
0x00007ffa89ae0000 - 0x00007ffa89b8c000 	C:\Windows\System32\ADVAPI32.dll
0x00007ffa894b0000 - 0x00007ffa8954e000 	C:\Windows\System32\msvcrt.dll
0x00007ffa895b0000 - 0x00007ffa8964b000 	C:\Windows\System32\sechost.dll
0x00007ffa89e30000 - 0x00007ffa89f54000 	C:\Windows\System32\RPCRT4.dll
0x00007ffa88920000 - 0x00007ffa88ac0000 	C:\Windows\System32\USER32.dll
0x00007ffa87ec0000 - 0x00007ffa87ee2000 	C:\Windows\System32\win32u.dll
0x00007ffa8a0d0000 - 0x00007ffa8a0fa000 	C:\Windows\System32\GDI32.dll
0x00007ffa87cb0000 - 0x00007ffa87db9000 	C:\Windows\System32\gdi32full.dll
0x00007ffa87b60000 - 0x00007ffa87bfd000 	C:\Windows\System32\msvcp_win.dll
0x00007ffa87dc0000 - 0x00007ffa87ec0000 	C:\Windows\System32\ucrtbase.dll
0x00007ffa74750000 - 0x00007ffa749eb000 	C:\Windows\WinSxS\amd64_microsoft.windows.common-controls_6595b64144ccf1df_6.0.19041.488_none_ca04af081b815d21\COMCTL32.dll
0x00007ffa89f60000 - 0x00007ffa89f90000 	C:\Windows\System32\IMM32.DLL
0x00000000520f0000 - 0x00000000521c2000 	D:\java\jdk1.8\jdk1.8\jre\bin\msvcr100.dll
0x00000000523c0000 - 0x0000000052c1a000 	D:\java\jdk1.8\jdk1.8\jre\bin\server\jvm.dll
0x00007ffa89ad0000 - 0x00007ffa89ad8000 	C:\Windows\System32\PSAPI.DLL
0x00007ffa810b0000 - 0x00007ffa810b9000 	C:\Windows\SYSTEM32\WSOCK32.dll
0x00007ffa764f0000 - 0x00007ffa76517000 	C:\Windows\SYSTEM32\WINMM.dll
0x00007ffa89440000 - 0x00007ffa894ab000 	C:\Windows\System32\WS2_32.dll
0x00000000522d0000 - 0x00000000522df000 	D:\java\jdk1.8\jdk1.8\jre\bin\verify.dll
0x00000000522a0000 - 0x00000000522c8000 	D:\java\jdk1.8\jdk1.8\jre\bin\java.dll
0x00000000520b0000 - 0x00000000520e5000 	D:\java\jdk1.8\jdk1.8\jre\bin\jdwp.dll
0x00000000520a0000 - 0x00000000520a8000 	D:\java\jdk1.8\jdk1.8\jre\bin\npt.dll
0x0000000052270000 - 0x0000000052293000 	D:\java\jdk1.8\jdk1.8\jre\bin\instrument.dll
0x0000000052250000 - 0x0000000052266000 	D:\java\jdk1.8\jdk1.8\jre\bin\zip.dll
0x00007ffa88ac0000 - 0x00007ffa89201000 	C:\Windows\System32\SHELL32.dll
0x00007ffa85790000 - 0x00007ffa85f25000 	C:\Windows\SYSTEM32\windows.storage.dll
0x00007ffa896e0000 - 0x00007ffa89a35000 	C:\Windows\System32\combase.dll
0x00007ffa87350000 - 0x00007ffa8737c000 	C:\Windows\SYSTEM32\Wldp.dll
0x00007ffa88400000 - 0x00007ffa884ae000 	C:\Windows\System32\SHCORE.dll
0x00007ffa89680000 - 0x00007ffa896d5000 	C:\Windows\System32\shlwapi.dll
0x00007ffa87880000 - 0x00007ffa878a6000 	C:\Windows\SYSTEM32\profapi.dll
0x0000000052090000 - 0x0000000052099000 	D:\java\jdk1.8\jdk1.8\jre\bin\dt_socket.dll
0x00007ffa61030000 - 0x00007ffa61047000 	C:\Windows\system32\napinsp.dll
0x00007ffa5f950000 - 0x00007ffa5f96b000 	C:\Windows\system32\pnrpnsp.dll
0x00007ffa82760000 - 0x00007ffa82775000 	C:\Windows\system32\wshbth.dll
0x00007ffa830e0000 - 0x00007ffa830fd000 	C:\Windows\system32\NLAapi.dll
0x00007ffa86d70000 - 0x00007ffa86dab000 	C:\Windows\SYSTEM32\IPHLPAPI.DLL
0x00007ffa870d0000 - 0x00007ffa8713a000 	C:\Windows\System32\mswsock.dll
0x00007ffa86db0000 - 0x00007ffa86e7b000 	C:\Windows\SYSTEM32\DNSAPI.dll
0x00007ffa882d0000 - 0x00007ffa882d8000 	C:\Windows\System32\NSI.dll
0x00007ffa5f930000 - 0x00007ffa5f942000 	C:\Windows\System32\winrnr.dll
0x00007ffa74c30000 - 0x00007ffa74caf000 	C:\Windows\System32\fwpuclnt.dll
0x00007ffa881c0000 - 0x00007ffa881e7000 	C:\Windows\System32\bcrypt.dll
0x00007ffa73cf0000 - 0x00007ffa73cfa000 	C:\Windows\System32\rasadhlp.dll
0x0000000052080000 - 0x000000005208d000 	D:\java\jdk1.8\jdk1.8\jre\bin\management.dll
0x0000000052230000 - 0x000000005224a000 	D:\java\jdk1.8\jdk1.8\jre\bin\net.dll
0x0000000052210000 - 0x0000000052221000 	D:\java\jdk1.8\jdk1.8\jre\bin\nio.dll
0x00007ffa872a0000 - 0x00007ffa872b8000 	C:\Windows\SYSTEM32\CRYPTSP.dll
0x00007ffa869f0000 - 0x00007ffa86a24000 	C:\Windows\system32\rsaenh.dll
0x00007ffa87800000 - 0x00007ffa8782e000 	C:\Windows\SYSTEM32\USERENV.dll
0x00007ffa881f0000 - 0x00007ffa8826f000 	C:\Windows\System32\bcryptprimitives.dll
0x00007ffa872c0000 - 0x00007ffa872cc000 	C:\Windows\SYSTEM32\CRYPTBASE.dll
0x00007ffa7c630000 - 0x00007ffa7c647000 	C:\Windows\SYSTEM32\dhcpcsvc6.DLL
0x00007ffa7dee0000 - 0x00007ffa7defd000 	C:\Windows\SYSTEM32\dhcpcsvc.DLL
0x00000000521e0000 - 0x0000000052204000 	D:\java\jdk1.8\jdk1.8\jre\bin\sunec.dll
0x00000000521d0000 - 0x00000000521db000 	D:\java\jdk1.8\jdk1.8\jre\bin\sunmscapi.dll
0x00007ffa87950000 - 0x00007ffa87aad000 	C:\Windows\System32\CRYPT32.dll
0x0000000051ee0000 - 0x0000000052078000 	D:\java\jdk1.8\jdk1.8\jre\bin\awt.dll
0x00007ffa8a100000 - 0x00007ffa8a1cd000 	C:\Windows\System32\OLEAUT32.dll
0x00007ffa84f30000 - 0x00007ffa84fc0000 	C:\Windows\SYSTEM32\apphelp.dll
0x00007ffa852c0000 - 0x00007ffa852ef000 	C:\Windows\system32\DWMAPI.DLL
0x00007ffa850d0000 - 0x00007ffa8516e000 	C:\Windows\system32\uxtheme.dll
0x0000000051eb0000 - 0x0000000051eda000 	D:\java\jdk1.8\jdk1.8\jre\bin\dcpr.dll
0x0000000051e60000 - 0x0000000051ea7000 	D:\java\jdk1.8\jdk1.8\jre\bin\fontmanager.dll
0x0000000051e10000 - 0x0000000051e51000 	D:\java\jdk1.8\jdk1.8\jre\bin\t2k.dll
0x00007ffa71950000 - 0x00007ffa71b34000 	C:\Windows\SYSTEM32\dbghelp.dll

VM Arguments:
jvm_args: -agentlib:jdwp=transport=dt_socket,suspend=y,address=localhost:64272 -Dcom.sun.management.jmxremote -Dcom.sun.management.jmxremote.port=64270 -Dcom.sun.management.jmxremote.authenticate=false -Dcom.sun.management.jmxremote.ssl=false -Djava.rmi.server.hostname=localhost -Dspring.jmx.enabled=true -Dspring.liveBeansView.mbeanDomain -Dspring.application.admin.enabled=true -Xverify:none -XX:TieredStopAtLevel=1 -Dspring.boot.project.name=SpringBoot_v2 -javaagent:D:\java\ide\eclipse-jee-2020-03-R\configuration\org.eclipse.osgi\411\0\.cp\lib\javaagent-shaded.jar -Dfile.encoding=UTF-8 
java_command: com.fc.V2Application
java_class_path (initial): D:\Users\Administrator\git\SpringBoot_v2\target\classes;D:\java\maven-repository\org\springframework\boot\spring-boot-starter-data-redis\2.4.1\spring-boot-starter-data-redis-2.4.1.jar;D:\java\maven-repository\org\springframework\boot\spring-boot-starter\2.4.1\spring-boot-starter-2.4.1.jar;D:\java\maven-repository\org\springframework\boot\spring-boot-starter-logging\2.4.1\spring-boot-starter-logging-2.4.1.jar;D:\java\maven-repository\ch\qos\logback\logback-classic\1.2.3\logback-classic-1.2.3.jar;D:\java\maven-repository\ch\qos\logback\logback-core\1.2.3\logback-core-1.2.3.jar;D:\java\maven-repository\org\apache\logging\log4j\log4j-to-slf4j\2.13.3\log4j-to-slf4j-2.13.3.jar;D:\java\maven-repository\org\apache\logging\log4j\log4j-api\2.13.3\log4j-api-2.13.3.jar;D:\java\maven-repository\org\slf4j\jul-to-slf4j\1.7.30\jul-to-slf4j-1.7.30.jar;D:\java\maven-repository\jakarta\annotation\jakarta.annotation-api\1.3.5\jakarta.annotation-api-1.3.5.jar;D:\java\maven-repository\org\yaml\snakeyaml\1.27\snakeyaml-1.27.jar;D:\java\maven-repository\org\springframework\data\spring-data-redis\2.4.2\spring-data-redis-2.4.2.jar;D:\java\maven-repository\org\springframework\data\spring-data-keyvalue\2.4.2\spring-data-keyvalue-2.4.2.jar;D:\java\maven-repository\org\springframework\data\spring-data-commons\2.4.2\spring-data-commons-2.4.2.jar;D:\java\maven-repository\org\springframework\spring-tx\5.3.2\spring-tx-5.3.2.jar;D:\java\maven-repository\org\springframework\spring-oxm\5.3.2\spring-oxm-5.3.2.jar;D:\java\maven-repository\org\springframework\spring-context-support\5.3.2\spring-context-support-5.3.2.jar;D:\java\maven-repository\io\lettuce\lettuce-core\6.0.1.RELEASE\lettuce-core-6.0.1.RELEASE.jar;D:\java\maven-repository\io\netty\netty-common\4.1.55.Final\netty-common-4.1.55.Final.jar;D:\java\maven-repository\io\netty\netty-handler\4.1.55.Final\netty-handler-4.1.55.Final.jar;D:\java\maven-repository\io\netty\netty-resolver\4.1.55.Final\netty-resolver-4.1.55.Fin
Launcher Type: SUN_STANDARD

Environment Variables:
JAVA_HOME=D:\java\jdk1.8\jdk1.8
CLASSPATH=.;D:\java\jdk1.8\jdk1.8\lib\tools.jar;D:\java\jdk1.8\jdk1.8\lib\dt.jar;D:\java\jdk1.8\jdk1.8\jre\lib\rt.jar
PATH=D:\java\jdk1.8\jdk1.8\jre\bin;D:/java/jdk1.8/jdk1.8/bin/../jre/bin/server;D:/java/jdk1.8/jdk1.8/bin/../jre/bin;D:/java/jdk1.8/jdk1.8/bin/../jre/lib/amd64;D:\Python27\;D:\Python27\Scripts;C:\Windows\system32;C:\Windows;C:\Windows\System32\Wbem;C:\Windows\System32\WindowsPowerShell\v1.0\;C:\Windows\System32\OpenSSH\;C:\Program Files (x86)\NVIDIA Corporation\PhysX\Common;C:\Program Files\NVIDIA Corporation\NVIDIA NvDLISR;D:\java\mysql\mysql-5.7.25-winx64\bin;D:\java\apache-maven-3.6.3\bin;D:\java\jdk1.8\jdk1.8\bin;C:\Users\Administrator\AppData\Local\Microsoft\WindowsApps;;D:\java\ide\eclipse-jee-2020-03-R;
USERNAME=Administrator
OS=Windows_NT
PROCESSOR_IDENTIFIER=Intel64 Family 6 Model 142 Stepping 10, GenuineIntel



---------------  S Y S T E M  ---------------

OS: Windows 8.1 , 64 bit Build 9600 

CPU:total 8 (4 cores per cpu, 2 threads per core) family 6 model 142 stepping 10, cmov, cx8, fxsr, mmx, sse, sse2, sse3, ssse3, sse4.1, sse4.2, popcnt, avx, avx2, aes, clmul, erms, lzcnt, ht, tsc, tscinvbit, bmi1, bmi2

Memory: 4k page, physical 16658532k(8335716k free), swap 19148900k(5499948k free)

vm_info: Java HotSpot(TM) 64-Bit Server VM (25.31-b07) for windows-amd64 JRE (1.8.0_31-b13), built on Dec 17 2014 21:00:28 by "java_re" with MS VC++ 10.0 (VS2010)

time: Sun Jan 17 01:44:41 2021
elapsed time: 22607 seconds (0d 6h 16m 47s)

